<?xml version="1.0" encoding="UTF-8"?>
<!-- Generated by org.testng.reporters.JUnitReportReporter -->
<testsuite hostname="DESKTOP-C562VEV" failures="0" tests="1" name="Academy.validateNavigationBar" time="0.046" errors="0" timestamp="2020-12-05T11:20:25 IST" skipped="0">
  <testcase classname="Academy.validateNavigationBar" name="validateAppNavBar" time="0.046"/>
  <system-out/>
</testsuite> <!-- Academy.validateNavigationBar -->
