<?xml version="1.0" encoding="UTF-8"?>
<!-- Generated by org.testng.reporters.JUnitReportReporter -->
<testsuite hostname="DESKTOP-C562VEV" failures="0" tests="2" name="Academy.HomePage" time="47.060" errors="0" timestamp="2020-12-05T11:40:38 IST" skipped="0">
  <testcase classname="Academy.HomePage" name="basePageNavigation" time="45.665"/>
  <system-out/>
  <testcase classname="Academy.HomePage" name="basePageNavigation" time="1.395"/>
  <system-out/>
</testsuite> <!-- Academy.HomePage -->
